(0000) 3000  0011000000000000 (   4)                 .ORIG x3000
(3000) 5020  0101000000100000 (   7) START           AND   R0 R0 #0
(3001) 5260  0101001001100000 (   8)                 AND   R1 R1 #0
(3002) 54A0  0101010010100000 (   9)                 AND   R2 R2 #0
(3003) 56E0  0101011011100000 (  10)                 AND   R3 R3 #0
(3004) 5920  0101100100100000 (  11)                 AND   R4 R4 #0
(3005) 5B60  0101101101100000 (  12)                 AND   R5 R5 #0
(3006) 5DA0  0101110110100000 (  13)                 AND   R6 R6 #0
(3007) 0057  0000000001010111 (  14) MSG1            .FILL x0057
(3008) 0065  0000000001100101 (  14)                 .FILL x0065
(3009) 006C  0000000001101100 (  14)                 .FILL x006C
(300A) 0063  0000000001100011 (  14)                 .FILL x0063
(300B) 006F  0000000001101111 (  14)                 .FILL x006F
(300C) 006D  0000000001101101 (  14)                 .FILL x006D
(300D) 0065  0000000001100101 (  14)                 .FILL x0065
(300E) 0020  0000000000100000 (  14)                 .FILL x0020
(300F) 0074  0000000001110100 (  14)                 .FILL x0074
(3010) 006F  0000000001101111 (  14)                 .FILL x006F
(3011) 0020  0000000000100000 (  14)                 .FILL x0020
(3012) 004A  0000000001001010 (  14)                 .FILL x004A
(3013) 0065  0000000001100101 (  14)                 .FILL x0065
(3014) 0072  0000000001110010 (  14)                 .FILL x0072
(3015) 0072  0000000001110010 (  14)                 .FILL x0072
(3016) 0079  0000000001111001 (  14)                 .FILL x0079
(3017) 0027  0000000000100111 (  14)                 .FILL x0027
(3018) 0073  0000000001110011 (  14)                 .FILL x0073
(3019) 0020  0000000000100000 (  14)                 .FILL x0020
(301A) 0043  0000000001000011 (  14)                 .FILL x0043
(301B) 0065  0000000001100101 (  14)                 .FILL x0065
(301C) 0061  0000000001100001 (  14)                 .FILL x0061
(301D) 0073  0000000001110011 (  14)                 .FILL x0073
(301E) 0065  0000000001100101 (  14)                 .FILL x0065
(301F) 0072  0000000001110010 (  14)                 .FILL x0072
(3020) 0020  0000000000100000 (  14)                 .FILL x0020
(3021) 0043  0000000001000011 (  14)                 .FILL x0043
(3022) 0079  0000000001111001 (  14)                 .FILL x0079
(3023) 0070  0000000001110000 (  14)                 .FILL x0070
(3024) 0068  0000000001101000 (  14)                 .FILL x0068
(3025) 0065  0000000001100101 (  14)                 .FILL x0065
(3026) 0072  0000000001110010 (  14)                 .FILL x0072
(3027) 0020  0000000000100000 (  14)                 .FILL x0020
(3028) 0050  0000000001010000 (  14)                 .FILL x0050
(3029) 0072  0000000001110010 (  14)                 .FILL x0072
(302A) 006F  0000000001101111 (  14)                 .FILL x006F
(302B) 0067  0000000001100111 (  14)                 .FILL x0067
(302C) 0072  0000000001110010 (  14)                 .FILL x0072
(302D) 0061  0000000001100001 (  14)                 .FILL x0061
(302E) 006D  0000000001101101 (  14)                 .FILL x006D
(302F) 002E  0000000000101110 (  14)                 .FILL x002E
(3030) 002E  0000000000101110 (  14)                 .FILL x002E
(3031) 002E  0000000000101110 (  14)                 .FILL x002E
(3032) 000A  0000000000001010 (  14)                 .FILL x000A
(3033) 0000  0000000000000000 (  14)                 .FILL x0000
(3034) 0044  0000000001000100 (  15) MSG2            .FILL x0044
(3035) 006F  0000000001101111 (  15)                 .FILL x006F
(3036) 0020  0000000000100000 (  15)                 .FILL x0020
(3037) 0079  0000000001111001 (  15)                 .FILL x0079
(3038) 006F  0000000001101111 (  15)                 .FILL x006F
(3039) 0075  0000000001110101 (  15)                 .FILL x0075
(303A) 0020  0000000000100000 (  15)                 .FILL x0020
(303B) 0077  0000000001110111 (  15)                 .FILL x0077
(303C) 0061  0000000001100001 (  15)                 .FILL x0061
(303D) 006E  0000000001101110 (  15)                 .FILL x006E
(303E) 0074  0000000001110100 (  15)                 .FILL x0074
(303F) 0020  0000000000100000 (  15)                 .FILL x0020
(3040) 0074  0000000001110100 (  15)                 .FILL x0074
(3041) 006F  0000000001101111 (  15)                 .FILL x006F
(3042) 0020  0000000000100000 (  15)                 .FILL x0020
(3043) 0028  0000000000101000 (  15)                 .FILL x0028
(3044) 0045  0000000001000101 (  15)                 .FILL x0045
(3045) 0029  0000000000101001 (  15)                 .FILL x0029
(3046) 006E  0000000001101110 (  15)                 .FILL x006E
(3047) 0063  0000000001100011 (  15)                 .FILL x0063
(3048) 0072  0000000001110010 (  15)                 .FILL x0072
(3049) 0079  0000000001111001 (  15)                 .FILL x0079
(304A) 0070  0000000001110000 (  15)                 .FILL x0070
(304B) 0074  0000000001110100 (  15)                 .FILL x0074
(304C) 0020  0000000000100000 (  15)                 .FILL x0020
(304D) 006F  0000000001101111 (  15)                 .FILL x006F
(304E) 0072  0000000001110010 (  15)                 .FILL x0072
(304F) 0020  0000000000100000 (  15)                 .FILL x0020
(3050) 0044  0000000001000100 (  15)                 .FILL x0044
(3051) 0028  0000000000101000 (  15)                 .FILL x0028
(3052) 0065  0000000001100101 (  15)                 .FILL x0065
(3053) 0063  0000000001100011 (  15)                 .FILL x0063
(3054) 0072  0000000001110010 (  15)                 .FILL x0072
(3055) 0079  0000000001111001 (  15)                 .FILL x0079
(3056) 0070  0000000001110000 (  15)                 .FILL x0070
(3057) 0074  0000000001110100 (  15)                 .FILL x0074
(3058) 0029  0000000000101001 (  15)                 .FILL x0029
(3059) 0020  0000000000100000 (  15)                 .FILL x0020
(305A) 006F  0000000001101111 (  15)                 .FILL x006F
(305B) 0072  0000000001110010 (  15)                 .FILL x0072
(305C) 0020  0000000000100000 (  15)                 .FILL x0020
(305D) 0045  0000000001000101 (  15)                 .FILL x0045
(305E) 0028  0000000000101000 (  15)                 .FILL x0028
(305F) 0058  0000000001011000 (  15)                 .FILL x0058
(3060) 0029  0000000000101001 (  15)                 .FILL x0029
(3061) 0069  0000000001101001 (  15)                 .FILL x0069
(3062) 0074  0000000001110100 (  15)                 .FILL x0074
(3063) 003F  0000000000111111 (  15)                 .FILL x003F
(3064) 000A  0000000000001010 (  15)                 .FILL x000A
(3065) 0000  0000000000000000 (  15)                 .FILL x0000
(3066) 0050  0000000001010000 (  16) MSG3            .FILL x0050
(3067) 006C  0000000001101100 (  16)                 .FILL x006C
(3068) 0065  0000000001100101 (  16)                 .FILL x0065
(3069) 0061  0000000001100001 (  16)                 .FILL x0061
(306A) 0073  0000000001110011 (  16)                 .FILL x0073
(306B) 0065  0000000001100101 (  16)                 .FILL x0065
(306C) 0020  0000000000100000 (  16)                 .FILL x0020
(306D) 0073  0000000001110011 (  16)                 .FILL x0073
(306E) 0065  0000000001100101 (  16)                 .FILL x0065
(306F) 006C  0000000001101100 (  16)                 .FILL x006C
(3070) 0065  0000000001100101 (  16)                 .FILL x0065
(3071) 0063  0000000001100011 (  16)                 .FILL x0063
(3072) 0074  0000000001110100 (  16)                 .FILL x0074
(3073) 0020  0000000000100000 (  16)                 .FILL x0020
(3074) 0061  0000000001100001 (  16)                 .FILL x0061
(3075) 0020  0000000000100000 (  16)                 .FILL x0020
(3076) 0072  0000000001110010 (  16)                 .FILL x0072
(3077) 0065  0000000001100101 (  16)                 .FILL x0065
(3078) 006C  0000000001101100 (  16)                 .FILL x006C
(3079) 0065  0000000001100101 (  16)                 .FILL x0065
(307A) 0076  0000000001110110 (  16)                 .FILL x0076
(307B) 0061  0000000001100001 (  16)                 .FILL x0061
(307C) 006E  0000000001101110 (  16)                 .FILL x006E
(307D) 0074  0000000001110100 (  16)                 .FILL x0074
(307E) 0020  0000000000100000 (  16)                 .FILL x0020
(307F) 006F  0000000001101111 (  16)                 .FILL x006F
(3080) 0070  0000000001110000 (  16)                 .FILL x0070
(3081) 0074  0000000001110100 (  16)                 .FILL x0074
(3082) 0069  0000000001101001 (  16)                 .FILL x0069
(3083) 006F  0000000001101111 (  16)                 .FILL x006F
(3084) 006E  0000000001101110 (  16)                 .FILL x006E
(3085) 002E  0000000000101110 (  16)                 .FILL x002E
(3086) 000A  0000000000001010 (  16)                 .FILL x000A
(3087) 0000  0000000000000000 (  16)                 .FILL x0000
(3088) 0057  0000000001010111 (  17) MSG4            .FILL x0057
(3089) 0068  0000000001101000 (  17)                 .FILL x0068
(308A) 0061  0000000001100001 (  17)                 .FILL x0061
(308B) 0074  0000000001110100 (  17)                 .FILL x0074
(308C) 0020  0000000000100000 (  17)                 .FILL x0020
(308D) 0069  0000000001101001 (  17)                 .FILL x0069
(308E) 0073  0000000001110011 (  17)                 .FILL x0073
(308F) 0020  0000000000100000 (  17)                 .FILL x0020
(3090) 0074  0000000001110100 (  17)                 .FILL x0074
(3091) 0068  0000000001101000 (  17)                 .FILL x0068
(3092) 0065  0000000001100101 (  17)                 .FILL x0065
(3093) 0020  0000000000100000 (  17)                 .FILL x0020
(3094) 0063  0000000001100011 (  17)                 .FILL x0063
(3095) 0069  0000000001101001 (  17)                 .FILL x0069
(3096) 0070  0000000001110000 (  17)                 .FILL x0070
(3097) 0068  0000000001101000 (  17)                 .FILL x0068
(3098) 0065  0000000001100101 (  17)                 .FILL x0065
(3099) 0072  0000000001110010 (  17)                 .FILL x0072
(309A) 0020  0000000000100000 (  17)                 .FILL x0020
(309B) 0028  0000000000101000 (  17)                 .FILL x0028
(309C) 0031  0000000000110001 (  17)                 .FILL x0031
(309D) 002D  0000000000101101 (  17)                 .FILL x002D
(309E) 0032  0000000000110010 (  17)                 .FILL x0032
(309F) 0035  0000000000110101 (  17)                 .FILL x0035
(30A0) 0029  0000000000101001 (  17)                 .FILL x0029
(30A1) 003F  0000000000111111 (  17)                 .FILL x003F
(30A2) 000A  0000000000001010 (  17)                 .FILL x000A
(30A3) 0000  0000000000000000 (  17)                 .FILL x0000
(30A4) 0057  0000000001010111 (  18) MSG5            .FILL x0057
(30A5) 0068  0000000001101000 (  18)                 .FILL x0068
(30A6) 0061  0000000001100001 (  18)                 .FILL x0061
(30A7) 0074  0000000001110100 (  18)                 .FILL x0074
(30A8) 0020  0000000000100000 (  18)                 .FILL x0020
(30A9) 0069  0000000001101001 (  18)                 .FILL x0069
(30AA) 0073  0000000001110011 (  18)                 .FILL x0073
(30AB) 0020  0000000000100000 (  18)                 .FILL x0020
(30AC) 0074  0000000001110100 (  18)                 .FILL x0074
(30AD) 0068  0000000001101000 (  18)                 .FILL x0068
(30AE) 0065  0000000001100101 (  18)                 .FILL x0065
(30AF) 0020  0000000000100000 (  18)                 .FILL x0020
(30B0) 0073  0000000001110011 (  18)                 .FILL x0073
(30B1) 0074  0000000001110100 (  18)                 .FILL x0074
(30B2) 0072  0000000001110010 (  18)                 .FILL x0072
(30B3) 0069  0000000001101001 (  18)                 .FILL x0069
(30B4) 006E  0000000001101110 (  18)                 .FILL x006E
(30B5) 0067  0000000001100111 (  18)                 .FILL x0067
(30B6) 0028  0000000000101000 (  18)                 .FILL x0028
(30B7) 0075  0000000001110101 (  18)                 .FILL x0075
(30B8) 0070  0000000001110000 (  18)                 .FILL x0070
(30B9) 0020  0000000000100000 (  18)                 .FILL x0020
(30BA) 0074  0000000001110100 (  18)                 .FILL x0074
(30BB) 006F  0000000001101111 (  18)                 .FILL x006F
(30BC) 0020  0000000000100000 (  18)                 .FILL x0020
(30BD) 0032  0000000000110010 (  18)                 .FILL x0032
(30BE) 0030  0000000000110000 (  18)                 .FILL x0030
(30BF) 0030  0000000000110000 (  18)                 .FILL x0030
(30C0) 0020  0000000000100000 (  18)                 .FILL x0020
(30C1) 0063  0000000001100011 (  18)                 .FILL x0063
(30C2) 0068  0000000001101000 (  18)                 .FILL x0068
(30C3) 0061  0000000001100001 (  18)                 .FILL x0061
(30C4) 0072  0000000001110010 (  18)                 .FILL x0072
(30C5) 0061  0000000001100001 (  18)                 .FILL x0061
(30C6) 0063  0000000001100011 (  18)                 .FILL x0063
(30C7) 0074  0000000001110100 (  18)                 .FILL x0074
(30C8) 0065  0000000001100101 (  18)                 .FILL x0065
(30C9) 0072  0000000001110010 (  18)                 .FILL x0072
(30CA) 0073  0000000001110011 (  18)                 .FILL x0073
(30CB) 0029  0000000000101001 (  18)                 .FILL x0029
(30CC) 003F  0000000000111111 (  18)                 .FILL x003F
(30CD) 000A  0000000000001010 (  18)                 .FILL x000A
(30CE) 0000  0000000000000000 (  18)                 .FILL x0000
(30CF) 003C  0000000000111100 (  19) MSG6            .FILL x003C
(30D0) 0044  0000000001000100 (  19)                 .FILL x0044
(30D1) 0065  0000000001100101 (  19)                 .FILL x0065
(30D2) 0063  0000000001100011 (  19)                 .FILL x0063
(30D3) 0072  0000000001110010 (  19)                 .FILL x0072
(30D4) 0079  0000000001111001 (  19)                 .FILL x0079
(30D5) 0070  0000000001110000 (  19)                 .FILL x0070
(30D6) 0074  0000000001110100 (  19)                 .FILL x0074
(30D7) 0065  0000000001100101 (  19)                 .FILL x0065
(30D8) 0064  0000000001100100 (  19)                 .FILL x0064
(30D9) 003E  0000000000111110 (  19)                 .FILL x003E
(30DA) 0000  0000000000000000 (  19)                 .FILL x0000
(30DB) 003C  0000000000111100 (  20) MSG7            .FILL x003C
(30DC) 0045  0000000001000101 (  20)                 .FILL x0045
(30DD) 006E  0000000001101110 (  20)                 .FILL x006E
(30DE) 0063  0000000001100011 (  20)                 .FILL x0063
(30DF) 0072  0000000001110010 (  20)                 .FILL x0072
(30E0) 0079  0000000001111001 (  20)                 .FILL x0079
(30E1) 0070  0000000001110000 (  20)                 .FILL x0070
(30E2) 0074  0000000001110100 (  20)                 .FILL x0074
(30E3) 0065  0000000001100101 (  20)                 .FILL x0065
(30E4) 0064  0000000001100100 (  20)                 .FILL x0064
(30E5) 003E  0000000000111110 (  20)                 .FILL x003E
(30E6) 0000  0000000000000000 (  20)                 .FILL x0000
(30E7) 000A  0000000000001010 (  21) NEWLINE         .FILL x000A
(30E8) 0000  0000000000000000 (  21)                 .FILL x0000
(30E9) E11D  1110000100011101 (  23) GREET           LEA   R0 MSG1
(30EA) F022  1111000000100010 (  24)                 TRAP  x22
(30EB) 5020  0101000000100000 (  28) EDX             AND   R0 R0 #0
(30EC) 5260  0101001001100000 (  29)                 AND   R1 R1 #0
(30ED) 54A0  0101010010100000 (  30)                 AND   R2 R2 #0
(30EE) 56E0  0101011011100000 (  31)                 AND   R3 R3 #0
(30EF) 5920  0101100100100000 (  32)                 AND   R4 R4 #0
(30F0) 5B60  0101101101100000 (  33)                 AND   R5 R5 #0
(30F1) 5DA0  0101110110100000 (  34)                 AND   R6 R6 #0
(30F2) 22A3  0010001010100011 (  36)                 LD    R1 Dflag
(30F3) 5260  0101001001100000 (  37)                 AND   R1 R1 #0
(30F4) 32A1  0011001010100001 (  38)                 ST    R1 Dflag
(30F5) E13E  1110000100111110 (  39)                 LEA   R0 MSG2
(30F6) F022  1111000000100010 (  40)                 TRAP  x22
(30F7) F020  1111000000100000 (  42)                 TRAP  x20
(30F8) F021  1111000000100001 (  43)                 TRAP  x21
(30F9) 2298  0010001010011000 (  45)                 LD    R1 X
(30FA) 1201  0001001000000001 (  46)                 ADD   R1 R0 R1
(30FB) 0463  0000010001100011 (  47)                 BRZ   EXIT
(30FC) 2296  0010001010010110 (  48)                 LD    R1 D
(30FD) 1201  0001001000000001 (  49)                 ADD   R1 R0 R1
(30FE) 0408  0000010000001000 (  50)                 BRZ   STOREd
(30FF) 2294  0010001010010100 (  51)                 LD    R1 E
(3100) 1201  0001001000000001 (  52)                 ADD   R1 R0 R1
(3101) 0408  0000010000001000 (  53)                 BRZ   STOREe
(3102) 0E00  0000111000000000 (  55)                 BRNZP INVALID
(3103) E1E3  1110000111100011 (  58) INVALID         LEA   R0 NEWLINE
(3104) F022  1111000000100010 (  59)                 TRAP  x22
(3105) E160  1110000101100000 (  60)                 LEA   R0 MSG3
(3106) 0FE4  0000111111100100 (  61)                 BRNZP EDX
(3107) 1261  0001001001100001 (  64) STOREd          ADD   R1 R1 #1
(3108) 328D  0011001010001101 (  65)                 ST    R1 Dflag
(3109) 0E01  0000111000000001 (  66)                 BRNZP CIPHERM
(310A) 328B  0011001010001011 (  69) STOREe          ST    R1 Dflag
(310B) E1DB  1110000111011011 (  72) CIPHERM         LEA   R0 NEWLINE
(310C) F022  1111000000100010 (  73)                 TRAP  x22
(310D) E17A  1110000101111010 (  74)                 LEA   R0 MSG4
(310E) F022  1111000000100010 (  75)                 TRAP  x22
(310F) F020  1111000000100000 (  77) CIPHER          TRAP  x20
(3110) F021  1111000000100001 (  78)                 TRAP  x21
(3111) 2200  0010001000000000 (  80)                 LD    R1 x3112
(3112) 2285  0010001010000101 (  81)                 LD    R1 LF
(3113) 1201  0001001000000001 (  82)                 ADD   R1 R0 R1
(3114) 0409  0000010000001001 (  83)                 BRZ   STRING
(3115) 247F  0010010001111111 (  84)                 LD    R2 ASCII
(3116) 1680  0001011010000000 (  85)                 ADD   R3 R2 R0
(3117) 1DAA  0001110110101010 (  86)                 ADD   R6 R6 #10
(3118) 1905  0001100100000101 (  89) MULT10          ADD   R4 R4 R5
(3119) 1DBF  0001110110111111 (  90)                 ADD   R6 R6 #-1
(311A) 03FD  0000001111111101 (  91)                 BRP   MULT10
(311B) 1AC4  0001101011000100 (  92)                 ADD   R5 R3 R4
(311C) 3A7C  0011101001111100 (  93)                 ST    R5 CIPHERn
(311D) 0FF1  0000111111110001 (  94)                 BRNZP CIPHER
(311E) E185  1110000110000101 (  97) STRING          LEA   R0 MSG5
(311F) F022  1111000000100010 (  98)                 TRAP  x22
(3120) 2679  0010011001111001 ( 100)                 LD    R3 length
(3121) EC7F  1110110001111111 ( 101)                 LEA   R6 ARRAY
(3122) 2478  0010010001111000 ( 102)                 LD    R2 COUNTER
(3123) F020  1111000000100000 ( 107) STRINT          TRAP  x20
(3124) F021  1111000000100001 ( 108)                 TRAP  x21
(3125) 2200  0010001000000000 ( 110)                 LD    R1 x3126
(3126) 2271  0010001001110001 ( 111)                 LD    R1 LF
(3127) 1201  0001001000000001 ( 112)                 ADD   R1 R0 R1
(3128) 0407  0000010000000111 ( 113)                 BRZ   PRINT
(3129) 1B83  0001101110000011 ( 114)                 ADD   R5 R6 R3
(312A) 7180  0111000110000000 ( 115)                 STR   R0 R6 #0
(312B) 4834  0100100000110100 ( 116)                 JSR   CODE
(312C) 7140  0111000101000000 ( 117)                 STR   R0 R5 #0
(312D) 1DA1  0001110110100001 ( 118)                 ADD   R6 R6 #1
(312E) 14A1  0001010010100001 ( 120)                 ADD   R2 R2 #1
(312F) 0FF3  0000111111110011 ( 121)                 BRNZP STRINT
(3130) 346A  0011010001101010 ( 124) PRINT           ST    R2 COUNTER
(3131) 5020  0101000000100000 ( 125)                 AND   R0 R0 #0
(3132) 5260  0101001001100000 ( 126)                 AND   R1 R1 #0
(3133) 54A0  0101010010100000 ( 127)                 AND   R2 R2 #0
(3134) 56E0  0101011011100000 ( 128)                 AND   R3 R3 #0
(3135) 5920  0101100100100000 ( 129)                 AND   R4 R4 #0
(3136) 5B60  0101101101100000 ( 130)                 AND   R5 R5 #0
(3137) 5DA0  0101110110100000 ( 131)                 AND   R6 R6 #0
(3138) 225D  0010001001011101 ( 133)                 LD    R1 Dflag
(3139) 0401  0000010000000001 ( 134)                 BRZ   DMSG
(313A) 0203  0000001000000011 ( 135)                 BRP   EMSG
(313B) E193  1110000110010011 ( 137) DMSG            LEA   R0 MSG6
(313C) F022  1111000000100010 ( 138)                 TRAP  x22
(313D) 0E03  0000111000000011 ( 139)                 BRNZP LOADARR1
(313E) E19C  1110000110011100 ( 141) EMSG            LEA   R0 MSG7
(313F) F022  1111000000100010 ( 142)                 TRAP  x22
(3140) 0E00  0000111000000000 ( 143)                 BRNZP LOADARR1
(3141) EC5F  1110110001011111 ( 146) LOADARR1        LEA   R6 ARRAY
(3142) 2458  0010010001011000 ( 147)                 LD    R2 COUNTER
(3143) 6180  0110000110000000 ( 150) PRINTROW0       LDR   R0 R6 #0
(3144) 1DA1  0001110110100001 ( 151)                 ADD   R6 R6 #1
(3145) F021  1111000000100001 ( 152)                 TRAP  x21
(3146) 14BF  0001010010111111 ( 153)                 ADD   R2 R2 #-1
(3147) 03FB  0000001111111011 ( 154)                 BRP   PRINTROW0
(3148) E19E  1110000110011110 ( 155)                 LEA   R0 NEWLINE
(3149) F022  1111000000100010 ( 156)                 TRAP  x22
(314A) EC56  1110110001010110 ( 159) LOADARR2        LEA   R6 ARRAY
(314B) 264E  0010011001001110 ( 160)                 LD    R3 length
(314C) 244E  0010010001001110 ( 161)                 LD    R2 COUNTER
(314D) 2248  0010001001001000 ( 162)                 LD    R1 Dflag
(314E) 040A  0000010000001010 ( 163)                 BRZ   EM
(314F) 020C  0000001000001100 ( 164)                 BRP   DM
(3150) 1B83  0001101110000011 ( 167) PRINTROW1       ADD   R5 R6 R3
(3151) 6140  0110000101000000 ( 168)                 LDR   R0 R5 #0
(3152) 1DA1  0001110110100001 ( 169)                 ADD   R6 R6 #1
(3153) F021  1111000000100001 ( 170)                 TRAP  x21
(3154) 14BF  0001010010111111 ( 171)                 ADD   R2 R2 #-1
(3155) 03FA  0000001111111010 ( 172)                 BRP   PRINTROW1
(3156) E190  1110000110010000 ( 173)                 LEA   R0 NEWLINE
(3157) F022  1111000000100010 ( 174)                 TRAP  x22
(3158) 0F92  0000111110010010 ( 175)                 BRNZP EDX
(3159) E181  1110000110000001 ( 177) EM              LEA   R0 MSG7
(315A) F022  1111000000100010 ( 178)                 TRAP  x22
(315B) 0FF4  0000111111110100 ( 179)                 BRNZP PRINTROW1
(315C) E172  1110000101110010 ( 181) DM              LEA   R0 MSG6
(315D) F022  1111000000100010 ( 182)                 TRAP  x22
(315E) 0FF1  0000111111110001 ( 183)                 BRNZP PRINTROW1
(315F) F025  1111000000100101 ( 184) EXIT            TRAP  x25
(3160) 223B  0010001000111011 ( 187) CODE            LD    R1 UCASEL
(3161) 1801  0001100000000001 ( 188)                 ADD   R4 R0 R1
(3162) 082E  0000100000101110 ( 189)                 BRN   ENDCODE
(3163) 2239  0010001000111001 ( 190)                 LD    R1 UCASEH
(3164) 1801  0001100000000001 ( 191)                 ADD   R4 R0 R1
(3165) 0C0F  0000110000001111 ( 192)                 BRNZ  DOUCODE
(3166) 2237  0010001000110111 ( 193)                 LD    R1 LCASEL
(3167) 1801  0001100000000001 ( 194)                 ADD   R4 R0 R1
(3168) 0828  0000100000101000 ( 195)                 BRN   ENDCODE
(3169) 2235  0010001000110101 ( 196)                 LD    R1 LCASEH
(316A) 1801  0001100000000001 ( 197)                 ADD   R4 R0 R1
(316B) 0C01  0000110000000001 ( 198)                 BRNZ  DOLCODE
(316C) 0E24  0000111000100100 ( 199)                 BRNZP ENDCODE
(316D) 282B  0010100000101011 ( 201) DOLCODE         LD    R4 CIPHERn
(316E) 2227  0010001000100111 ( 202)                 LD    R1 Dflag
(316F) 0413  0000010000010011 ( 203)                 BRZ   ENCRYPTL
(3170) 1100  0001000100000000 ( 204)                 ADD   R0 R4 R0
(3171) 222D  0010001000101101 ( 205)                 LD    R1 LCASEH
(3172) 1801  0001100000000001 ( 206)                 ADD   R4 R0 R1
(3173) 0209  0000001000001001 ( 207)                 BRP   STOREUP
(3174) 0E1C  0000111000011100 ( 208)                 BRNZP ENDCODE
(3175) 2823  0010100000100011 ( 211) DOUCODE         LD    R4 CIPHERn
(3176) 221F  0010001000011111 ( 212)                 LD    R1 Dflag
(3177) 0412  0000010000010010 ( 213)                 BRZ   ENCRYPTU
(3178) 1100  0001000100000000 ( 214)                 ADD   R0 R4 R0
(3179) 2223  0010001000100011 ( 215)                 LD    R1 UCASEH
(317A) 1801  0001100000000001 ( 216)                 ADD   R4 R0 R1
(317B) 0201  0000001000000001 ( 217)                 BRP   STOREUP
(317C) 0E14  0000111000010100 ( 218)                 BRNZP ENDCODE
(317D) 2822  0010100000100010 ( 221) STOREUP         LD    R4 ALPHABET
(317E) 1004  0001000000000100 ( 222)                 ADD   R0 R0 R4
(317F) 0E11  0000111000010001 ( 223)                 BRNZP ENDCODE
(3180) 281F  0010100000011111 ( 225) STORELOW        LD    R4 ALPHABET
(3181) 1004  0001000000000100 ( 226)                 ADD   R0 R0 R4
(3182) 0E0E  0000111000001110 ( 227)                 BRNZP ENDCODE
(3183) 993F  1001100100111111 ( 230) ENCRYPTL        NOT   R4 R4
(3184) 1921  0001100100100001 ( 231)                 ADD   R4 R4 #1
(3185) 1100  0001000100000000 ( 232)                 ADD   R0 R4 R0
(3186) 2217  0010001000010111 ( 233)                 LD    R1 LCASEL
(3187) 1801  0001100000000001 ( 234)                 ADD   R4 R0 R1
(3188) 09F7  0000100111110111 ( 235)                 BRN   STORELOW
(3189) 0E07  0000111000000111 ( 236)                 BRNZP ENDCODE
(318A) 993F  1001100100111111 ( 239) ENCRYPTU        NOT   R4 R4
(318B) 1921  0001100100100001 ( 240)                 ADD   R4 R4 #1
(318C) 1100  0001000100000000 ( 241)                 ADD   R0 R4 R0
(318D) 220E  0010001000001110 ( 242)                 LD    R1 UCASEL
(318E) 1801  0001100000000001 ( 243)                 ADD   R4 R0 R1
(318F) 03F0  0000001111110000 ( 244)                 BRP   STORELOW
(3190) 0E00  0000111000000000 ( 245)                 BRNZP ENDCODE
(3191) C1C0  1100000111000000 ( 246) ENDCODE         RET   
(3192) FFA8  1111111110101000 ( 249) X               .FILL xFFA8
(3193) FFBC  1111111110111100 ( 250) D               .FILL xFFBC
(3194) FFBB  1111111110111011 ( 251) E               .FILL xFFBB
(3195) FFD0  1111111111010000 ( 252) ASCII           .FILL xFFD0
(3196) 0000  0000000000000000 ( 253) Dflag           .FILL x0000
(3197) 0000  0000000000000000 ( 254) Eflag           .FILL x0000
(3198) FFF6  1111111111110110 ( 255) LF              .FILL xFFF6
(3199) 0000  0000000000000000 ( 256) CIPHERn         .FILL x0000
(319A) 00C8  0000000011001000 ( 257) length          .FILL x00C8
(319B) 0000  0000000000000000 ( 258) COUNTER         .FILL x0000
(319C) FFBF  1111111110111111 ( 260) UCASEL          .FILL xFFBF
(319D) FFA6  1111111110100110 ( 261) UCASEH          .FILL xFFA6
(319E) FF9F  1111111110011111 ( 262) LCASEL          .FILL xFF9F
(319F) FF86  1111111110000110 ( 263) LCASEH          .FILL xFF86
(31A0) FFE6  1111111111100110 ( 265) ALPHABET        .FILL xFFE6
(31A1) 0000  0000000000000000 ( 271) ARRAY           .FILL x0000
(31A2) 0000  0000000000000000 ( 271)                 .FILL x0000
(31A3) 0000  0000000000000000 ( 271)                 .FILL x0000
(31A4) 0000  0000000000000000 ( 271)                 .FILL x0000
(31A5) 0000  0000000000000000 ( 271)                 .FILL x0000
(31A6) 0000  0000000000000000 ( 271)                 .FILL x0000
(31A7) 0000  0000000000000000 ( 271)                 .FILL x0000
(31A8) 0000  0000000000000000 ( 271)                 .FILL x0000
(31A9) 0000  0000000000000000 ( 271)                 .FILL x0000
(31AA) 0000  0000000000000000 ( 271)                 .FILL x0000
(31AB) 0000  0000000000000000 ( 271)                 .FILL x0000
(31AC) 0000  0000000000000000 ( 271)                 .FILL x0000
(31AD) 0000  0000000000000000 ( 271)                 .FILL x0000
(31AE) 0000  0000000000000000 ( 271)                 .FILL x0000
(31AF) 0000  0000000000000000 ( 271)                 .FILL x0000
(31B0) 0000  0000000000000000 ( 271)                 .FILL x0000
(31B1) 0000  0000000000000000 ( 271)                 .FILL x0000
(31B2) 0000  0000000000000000 ( 271)                 .FILL x0000
(31B3) 0000  0000000000000000 ( 271)                 .FILL x0000
(31B4) 0000  0000000000000000 ( 271)                 .FILL x0000
(31B5) 0000  0000000000000000 ( 271)                 .FILL x0000
(31B6) 0000  0000000000000000 ( 271)                 .FILL x0000
(31B7) 0000  0000000000000000 ( 271)                 .FILL x0000
(31B8) 0000  0000000000000000 ( 271)                 .FILL x0000
(31B9) 0000  0000000000000000 ( 271)                 .FILL x0000
(31BA) 0000  0000000000000000 ( 271)                 .FILL x0000
(31BB) 0000  0000000000000000 ( 271)                 .FILL x0000
(31BC) 0000  0000000000000000 ( 271)                 .FILL x0000
(31BD) 0000  0000000000000000 ( 271)                 .FILL x0000
(31BE) 0000  0000000000000000 ( 271)                 .FILL x0000
(31BF) 0000  0000000000000000 ( 271)                 .FILL x0000
(31C0) 0000  0000000000000000 ( 271)                 .FILL x0000
(31C1) 0000  0000000000000000 ( 271)                 .FILL x0000
(31C2) 0000  0000000000000000 ( 271)                 .FILL x0000
(31C3) 0000  0000000000000000 ( 271)                 .FILL x0000
(31C4) 0000  0000000000000000 ( 271)                 .FILL x0000
(31C5) 0000  0000000000000000 ( 271)                 .FILL x0000
(31C6) 0000  0000000000000000 ( 271)                 .FILL x0000
(31C7) 0000  0000000000000000 ( 271)                 .FILL x0000
(31C8) 0000  0000000000000000 ( 271)                 .FILL x0000
(31C9) 0000  0000000000000000 ( 271)                 .FILL x0000
(31CA) 0000  0000000000000000 ( 271)                 .FILL x0000
(31CB) 0000  0000000000000000 ( 271)                 .FILL x0000
(31CC) 0000  0000000000000000 ( 271)                 .FILL x0000
(31CD) 0000  0000000000000000 ( 271)                 .FILL x0000
(31CE) 0000  0000000000000000 ( 271)                 .FILL x0000
(31CF) 0000  0000000000000000 ( 271)                 .FILL x0000
(31D0) 0000  0000000000000000 ( 271)                 .FILL x0000
(31D1) 0000  0000000000000000 ( 271)                 .FILL x0000
(31D2) 0000  0000000000000000 ( 271)                 .FILL x0000
(31D3) 0000  0000000000000000 ( 271)                 .FILL x0000
(31D4) 0000  0000000000000000 ( 271)                 .FILL x0000
(31D5) 0000  0000000000000000 ( 271)                 .FILL x0000
(31D6) 0000  0000000000000000 ( 271)                 .FILL x0000
(31D7) 0000  0000000000000000 ( 271)                 .FILL x0000
(31D8) 0000  0000000000000000 ( 271)                 .FILL x0000
(31D9) 0000  0000000000000000 ( 271)                 .FILL x0000
(31DA) 0000  0000000000000000 ( 271)                 .FILL x0000
(31DB) 0000  0000000000000000 ( 271)                 .FILL x0000
(31DC) 0000  0000000000000000 ( 271)                 .FILL x0000
(31DD) 0000  0000000000000000 ( 271)                 .FILL x0000
(31DE) 0000  0000000000000000 ( 271)                 .FILL x0000
(31DF) 0000  0000000000000000 ( 271)                 .FILL x0000
(31E0) 0000  0000000000000000 ( 271)                 .FILL x0000
(31E1) 0000  0000000000000000 ( 271)                 .FILL x0000
(31E2) 0000  0000000000000000 ( 271)                 .FILL x0000
(31E3) 0000  0000000000000000 ( 271)                 .FILL x0000
(31E4) 0000  0000000000000000 ( 271)                 .FILL x0000
(31E5) 0000  0000000000000000 ( 271)                 .FILL x0000
(31E6) 0000  0000000000000000 ( 271)                 .FILL x0000
(31E7) 0000  0000000000000000 ( 271)                 .FILL x0000
(31E8) 0000  0000000000000000 ( 271)                 .FILL x0000
(31E9) 0000  0000000000000000 ( 271)                 .FILL x0000
(31EA) 0000  0000000000000000 ( 271)                 .FILL x0000
(31EB) 0000  0000000000000000 ( 271)                 .FILL x0000
(31EC) 0000  0000000000000000 ( 271)                 .FILL x0000
(31ED) 0000  0000000000000000 ( 271)                 .FILL x0000
(31EE) 0000  0000000000000000 ( 271)                 .FILL x0000
(31EF) 0000  0000000000000000 ( 271)                 .FILL x0000
(31F0) 0000  0000000000000000 ( 271)                 .FILL x0000
(31F1) 0000  0000000000000000 ( 271)                 .FILL x0000
(31F2) 0000  0000000000000000 ( 271)                 .FILL x0000
(31F3) 0000  0000000000000000 ( 271)                 .FILL x0000
(31F4) 0000  0000000000000000 ( 271)                 .FILL x0000
(31F5) 0000  0000000000000000 ( 271)                 .FILL x0000
(31F6) 0000  0000000000000000 ( 271)                 .FILL x0000
(31F7) 0000  0000000000000000 ( 271)                 .FILL x0000
(31F8) 0000  0000000000000000 ( 271)                 .FILL x0000
(31F9) 0000  0000000000000000 ( 271)                 .FILL x0000
(31FA) 0000  0000000000000000 ( 271)                 .FILL x0000
(31FB) 0000  0000000000000000 ( 271)                 .FILL x0000
(31FC) 0000  0000000000000000 ( 271)                 .FILL x0000
(31FD) 0000  0000000000000000 ( 271)                 .FILL x0000
(31FE) 0000  0000000000000000 ( 271)                 .FILL x0000
(31FF) 0000  0000000000000000 ( 271)                 .FILL x0000
(3200) 0000  0000000000000000 ( 271)                 .FILL x0000
(3201) 0000  0000000000000000 ( 271)                 .FILL x0000
(3202) 0000  0000000000000000 ( 271)                 .FILL x0000
(3203) 0000  0000000000000000 ( 271)                 .FILL x0000
(3204) 0000  0000000000000000 ( 271)                 .FILL x0000
(3205) 0000  0000000000000000 ( 271)                 .FILL x0000
(3206) 0000  0000000000000000 ( 271)                 .FILL x0000
(3207) 0000  0000000000000000 ( 271)                 .FILL x0000
(3208) 0000  0000000000000000 ( 271)                 .FILL x0000
(3209) 0000  0000000000000000 ( 271)                 .FILL x0000
(320A) 0000  0000000000000000 ( 271)                 .FILL x0000
(320B) 0000  0000000000000000 ( 271)                 .FILL x0000
(320C) 0000  0000000000000000 ( 271)                 .FILL x0000
(320D) 0000  0000000000000000 ( 271)                 .FILL x0000
(320E) 0000  0000000000000000 ( 271)                 .FILL x0000
(320F) 0000  0000000000000000 ( 271)                 .FILL x0000
(3210) 0000  0000000000000000 ( 271)                 .FILL x0000
(3211) 0000  0000000000000000 ( 271)                 .FILL x0000
(3212) 0000  0000000000000000 ( 271)                 .FILL x0000
(3213) 0000  0000000000000000 ( 271)                 .FILL x0000
(3214) 0000  0000000000000000 ( 271)                 .FILL x0000
(3215) 0000  0000000000000000 ( 271)                 .FILL x0000
(3216) 0000  0000000000000000 ( 271)                 .FILL x0000
(3217) 0000  0000000000000000 ( 271)                 .FILL x0000
(3218) 0000  0000000000000000 ( 271)                 .FILL x0000
(3219) 0000  0000000000000000 ( 271)                 .FILL x0000
(321A) 0000  0000000000000000 ( 271)                 .FILL x0000
(321B) 0000  0000000000000000 ( 271)                 .FILL x0000
(321C) 0000  0000000000000000 ( 271)                 .FILL x0000
(321D) 0000  0000000000000000 ( 271)                 .FILL x0000
(321E) 0000  0000000000000000 ( 271)                 .FILL x0000
(321F) 0000  0000000000000000 ( 271)                 .FILL x0000
(3220) 0000  0000000000000000 ( 271)                 .FILL x0000
(3221) 0000  0000000000000000 ( 271)                 .FILL x0000
(3222) 0000  0000000000000000 ( 271)                 .FILL x0000
(3223) 0000  0000000000000000 ( 271)                 .FILL x0000
(3224) 0000  0000000000000000 ( 271)                 .FILL x0000
(3225) 0000  0000000000000000 ( 271)                 .FILL x0000
(3226) 0000  0000000000000000 ( 271)                 .FILL x0000
(3227) 0000  0000000000000000 ( 271)                 .FILL x0000
(3228) 0000  0000000000000000 ( 271)                 .FILL x0000
(3229) 0000  0000000000000000 ( 271)                 .FILL x0000
(322A) 0000  0000000000000000 ( 271)                 .FILL x0000
(322B) 0000  0000000000000000 ( 271)                 .FILL x0000
(322C) 0000  0000000000000000 ( 271)                 .FILL x0000
(322D) 0000  0000000000000000 ( 271)                 .FILL x0000
(322E) 0000  0000000000000000 ( 271)                 .FILL x0000
(322F) 0000  0000000000000000 ( 271)                 .FILL x0000
(3230) 0000  0000000000000000 ( 271)                 .FILL x0000
(3231) 0000  0000000000000000 ( 271)                 .FILL x0000
(3232) 0000  0000000000000000 ( 271)                 .FILL x0000
(3233) 0000  0000000000000000 ( 271)                 .FILL x0000
(3234) 0000  0000000000000000 ( 271)                 .FILL x0000
(3235) 0000  0000000000000000 ( 271)                 .FILL x0000
(3236) 0000  0000000000000000 ( 271)                 .FILL x0000
(3237) 0000  0000000000000000 ( 271)                 .FILL x0000
(3238) 0000  0000000000000000 ( 271)                 .FILL x0000
(3239) 0000  0000000000000000 ( 271)                 .FILL x0000
(323A) 0000  0000000000000000 ( 271)                 .FILL x0000
(323B) 0000  0000000000000000 ( 271)                 .FILL x0000
(323C) 0000  0000000000000000 ( 271)                 .FILL x0000
(323D) 0000  0000000000000000 ( 271)                 .FILL x0000
(323E) 0000  0000000000000000 ( 271)                 .FILL x0000
(323F) 0000  0000000000000000 ( 271)                 .FILL x0000
(3240) 0000  0000000000000000 ( 271)                 .FILL x0000
(3241) 0000  0000000000000000 ( 271)                 .FILL x0000
(3242) 0000  0000000000000000 ( 271)                 .FILL x0000
(3243) 0000  0000000000000000 ( 271)                 .FILL x0000
(3244) 0000  0000000000000000 ( 271)                 .FILL x0000
(3245) 0000  0000000000000000 ( 271)                 .FILL x0000
(3246) 0000  0000000000000000 ( 271)                 .FILL x0000
(3247) 0000  0000000000000000 ( 271)                 .FILL x0000
(3248) 0000  0000000000000000 ( 271)                 .FILL x0000
(3249) 0000  0000000000000000 ( 271)                 .FILL x0000
(324A) 0000  0000000000000000 ( 271)                 .FILL x0000
(324B) 0000  0000000000000000 ( 271)                 .FILL x0000
(324C) 0000  0000000000000000 ( 271)                 .FILL x0000
(324D) 0000  0000000000000000 ( 271)                 .FILL x0000
(324E) 0000  0000000000000000 ( 271)                 .FILL x0000
(324F) 0000  0000000000000000 ( 271)                 .FILL x0000
(3250) 0000  0000000000000000 ( 271)                 .FILL x0000
(3251) 0000  0000000000000000 ( 271)                 .FILL x0000
(3252) 0000  0000000000000000 ( 271)                 .FILL x0000
(3253) 0000  0000000000000000 ( 271)                 .FILL x0000
(3254) 0000  0000000000000000 ( 271)                 .FILL x0000
(3255) 0000  0000000000000000 ( 271)                 .FILL x0000
(3256) 0000  0000000000000000 ( 271)                 .FILL x0000
(3257) 0000  0000000000000000 ( 271)                 .FILL x0000
(3258) 0000  0000000000000000 ( 271)                 .FILL x0000
(3259) 0000  0000000000000000 ( 271)                 .FILL x0000
(325A) 0000  0000000000000000 ( 271)                 .FILL x0000
(325B) 0000  0000000000000000 ( 271)                 .FILL x0000
(325C) 0000  0000000000000000 ( 271)                 .FILL x0000
(325D) 0000  0000000000000000 ( 271)                 .FILL x0000
(325E) 0000  0000000000000000 ( 271)                 .FILL x0000
(325F) 0000  0000000000000000 ( 271)                 .FILL x0000
(3260) 0000  0000000000000000 ( 271)                 .FILL x0000
(3261) 0000  0000000000000000 ( 271)                 .FILL x0000
(3262) 0000  0000000000000000 ( 271)                 .FILL x0000
(3263) 0000  0000000000000000 ( 271)                 .FILL x0000
(3264) 0000  0000000000000000 ( 271)                 .FILL x0000
(3265) 0000  0000000000000000 ( 271)                 .FILL x0000
(3266) 0000  0000000000000000 ( 271)                 .FILL x0000
(3267) 0000  0000000000000000 ( 271)                 .FILL x0000
(3268) 0000  0000000000000000 ( 271)                 .FILL x0000
(3269) 0000  0000000000000000 ( 271)                 .FILL x0000
(326A) 0000  0000000000000000 ( 271)                 .FILL x0000
(326B) 0000  0000000000000000 ( 271)                 .FILL x0000
(326C) 0000  0000000000000000 ( 271)                 .FILL x0000
(326D) 0000  0000000000000000 ( 271)                 .FILL x0000
(326E) 0000  0000000000000000 ( 271)                 .FILL x0000
(326F) 0000  0000000000000000 ( 271)                 .FILL x0000
(3270) 0000  0000000000000000 ( 271)                 .FILL x0000
(3271) 0000  0000000000000000 ( 271)                 .FILL x0000
(3272) 0000  0000000000000000 ( 271)                 .FILL x0000
(3273) 0000  0000000000000000 ( 271)                 .FILL x0000
(3274) 0000  0000000000000000 ( 271)                 .FILL x0000
(3275) 0000  0000000000000000 ( 271)                 .FILL x0000
(3276) 0000  0000000000000000 ( 271)                 .FILL x0000
(3277) 0000  0000000000000000 ( 271)                 .FILL x0000
(3278) 0000  0000000000000000 ( 271)                 .FILL x0000
(3279) 0000  0000000000000000 ( 271)                 .FILL x0000
(327A) 0000  0000000000000000 ( 271)                 .FILL x0000
(327B) 0000  0000000000000000 ( 271)                 .FILL x0000
(327C) 0000  0000000000000000 ( 271)                 .FILL x0000
(327D) 0000  0000000000000000 ( 271)                 .FILL x0000
(327E) 0000  0000000000000000 ( 271)                 .FILL x0000
(327F) 0000  0000000000000000 ( 271)                 .FILL x0000
(3280) 0000  0000000000000000 ( 271)                 .FILL x0000
(3281) 0000  0000000000000000 ( 271)                 .FILL x0000
(3282) 0000  0000000000000000 ( 271)                 .FILL x0000
(3283) 0000  0000000000000000 ( 271)                 .FILL x0000
(3284) 0000  0000000000000000 ( 271)                 .FILL x0000
(3285) 0000  0000000000000000 ( 271)                 .FILL x0000
(3286) 0000  0000000000000000 ( 271)                 .FILL x0000
(3287) 0000  0000000000000000 ( 271)                 .FILL x0000
(3288) 0000  0000000000000000 ( 271)                 .FILL x0000
(3289) 0000  0000000000000000 ( 271)                 .FILL x0000
(328A) 0000  0000000000000000 ( 271)                 .FILL x0000
(328B) 0000  0000000000000000 ( 271)                 .FILL x0000
(328C) 0000  0000000000000000 ( 271)                 .FILL x0000
(328D) 0000  0000000000000000 ( 271)                 .FILL x0000
(328E) 0000  0000000000000000 ( 271)                 .FILL x0000
(328F) 0000  0000000000000000 ( 271)                 .FILL x0000
(3290) 0000  0000000000000000 ( 271)                 .FILL x0000
(3291) 0000  0000000000000000 ( 271)                 .FILL x0000
(3292) 0000  0000000000000000 ( 271)                 .FILL x0000
(3293) 0000  0000000000000000 ( 271)                 .FILL x0000
(3294) 0000  0000000000000000 ( 271)                 .FILL x0000
(3295) 0000  0000000000000000 ( 271)                 .FILL x0000
(3296) 0000  0000000000000000 ( 271)                 .FILL x0000
(3297) 0000  0000000000000000 ( 271)                 .FILL x0000
(3298) 0000  0000000000000000 ( 271)                 .FILL x0000
(3299) 0000  0000000000000000 ( 271)                 .FILL x0000
(329A) 0000  0000000000000000 ( 271)                 .FILL x0000
(329B) 0000  0000000000000000 ( 271)                 .FILL x0000
(329C) 0000  0000000000000000 ( 271)                 .FILL x0000
(329D) 0000  0000000000000000 ( 271)                 .FILL x0000
(329E) 0000  0000000000000000 ( 271)                 .FILL x0000
(329F) 0000  0000000000000000 ( 271)                 .FILL x0000
(32A0) 0000  0000000000000000 ( 271)                 .FILL x0000
(32A1) 0000  0000000000000000 ( 271)                 .FILL x0000
(32A2) 0000  0000000000000000 ( 271)                 .FILL x0000
(32A3) 0000  0000000000000000 ( 271)                 .FILL x0000
(32A4) 0000  0000000000000000 ( 271)                 .FILL x0000
(32A5) 0000  0000000000000000 ( 271)                 .FILL x0000
(32A6) 0000  0000000000000000 ( 271)                 .FILL x0000
(32A7) 0000  0000000000000000 ( 271)                 .FILL x0000
(32A8) 0000  0000000000000000 ( 271)                 .FILL x0000
(32A9) 0000  0000000000000000 ( 271)                 .FILL x0000
(32AA) 0000  0000000000000000 ( 271)                 .FILL x0000
(32AB) 0000  0000000000000000 ( 271)                 .FILL x0000
(32AC) 0000  0000000000000000 ( 271)                 .FILL x0000
(32AD) 0000  0000000000000000 ( 271)                 .FILL x0000
(32AE) 0000  0000000000000000 ( 271)                 .FILL x0000
(32AF) 0000  0000000000000000 ( 271)                 .FILL x0000
(32B0) 0000  0000000000000000 ( 271)                 .FILL x0000
(32B1) 0000  0000000000000000 ( 271)                 .FILL x0000
(32B2) 0000  0000000000000000 ( 271)                 .FILL x0000
(32B3) 0000  0000000000000000 ( 271)                 .FILL x0000
(32B4) 0000  0000000000000000 ( 271)                 .FILL x0000
(32B5) 0000  0000000000000000 ( 271)                 .FILL x0000
(32B6) 0000  0000000000000000 ( 271)                 .FILL x0000
(32B7) 0000  0000000000000000 ( 271)                 .FILL x0000
(32B8) 0000  0000000000000000 ( 271)                 .FILL x0000
(32B9) 0000  0000000000000000 ( 271)                 .FILL x0000
(32BA) 0000  0000000000000000 ( 271)                 .FILL x0000
(32BB) 0000  0000000000000000 ( 271)                 .FILL x0000
(32BC) 0000  0000000000000000 ( 271)                 .FILL x0000
(32BD) 0000  0000000000000000 ( 271)                 .FILL x0000
(32BE) 0000  0000000000000000 ( 271)                 .FILL x0000
(32BF) 0000  0000000000000000 ( 271)                 .FILL x0000
(32C0) 0000  0000000000000000 ( 271)                 .FILL x0000
(32C1) 0000  0000000000000000 ( 271)                 .FILL x0000
(32C2) 0000  0000000000000000 ( 271)                 .FILL x0000
(32C3) 0000  0000000000000000 ( 271)                 .FILL x0000
(32C4) 0000  0000000000000000 ( 271)                 .FILL x0000
(32C5) 0000  0000000000000000 ( 271)                 .FILL x0000
(32C6) 0000  0000000000000000 ( 271)                 .FILL x0000
(32C7) 0000  0000000000000000 ( 271)                 .FILL x0000
(32C8) 0000  0000000000000000 ( 271)                 .FILL x0000
(32C9) 0000  0000000000000000 ( 271)                 .FILL x0000
(32CA) 0000  0000000000000000 ( 271)                 .FILL x0000
(32CB) 0000  0000000000000000 ( 271)                 .FILL x0000
(32CC) 0000  0000000000000000 ( 271)                 .FILL x0000
(32CD) 0000  0000000000000000 ( 271)                 .FILL x0000
(32CE) 0000  0000000000000000 ( 271)                 .FILL x0000
(32CF) 0000  0000000000000000 ( 271)                 .FILL x0000
(32D0) 0000  0000000000000000 ( 271)                 .FILL x0000
(32D1) 0000  0000000000000000 ( 271)                 .FILL x0000
(32D2) 0000  0000000000000000 ( 271)                 .FILL x0000
(32D3) 0000  0000000000000000 ( 271)                 .FILL x0000
(32D4) 0000  0000000000000000 ( 271)                 .FILL x0000
(32D5) 0000  0000000000000000 ( 271)                 .FILL x0000
(32D6) 0000  0000000000000000 ( 271)                 .FILL x0000
(32D7) 0000  0000000000000000 ( 271)                 .FILL x0000
(32D8) 0000  0000000000000000 ( 271)                 .FILL x0000
(32D9) 0000  0000000000000000 ( 271)                 .FILL x0000
(32DA) 0000  0000000000000000 ( 271)                 .FILL x0000
(32DB) 0000  0000000000000000 ( 271)                 .FILL x0000
(32DC) 0000  0000000000000000 ( 271)                 .FILL x0000
(32DD) 0000  0000000000000000 ( 271)                 .FILL x0000
(32DE) 0000  0000000000000000 ( 271)                 .FILL x0000
(32DF) 0000  0000000000000000 ( 271)                 .FILL x0000
(32E0) 0000  0000000000000000 ( 271)                 .FILL x0000
(32E1) 0000  0000000000000000 ( 271)                 .FILL x0000
(32E2) 0000  0000000000000000 ( 271)                 .FILL x0000
(32E3) 0000  0000000000000000 ( 271)                 .FILL x0000
(32E4) 0000  0000000000000000 ( 271)                 .FILL x0000
(32E5) 0000  0000000000000000 ( 271)                 .FILL x0000
(32E6) 0000  0000000000000000 ( 271)                 .FILL x0000
(32E7) 0000  0000000000000000 ( 271)                 .FILL x0000
(32E8) 0000  0000000000000000 ( 271)                 .FILL x0000
(32E9) 0000  0000000000000000 ( 271)                 .FILL x0000
(32EA) 0000  0000000000000000 ( 271)                 .FILL x0000
(32EB) 0000  0000000000000000 ( 271)                 .FILL x0000
(32EC) 0000  0000000000000000 ( 271)                 .FILL x0000
(32ED) 0000  0000000000000000 ( 271)                 .FILL x0000
(32EE) 0000  0000000000000000 ( 271)                 .FILL x0000
(32EF) 0000  0000000000000000 ( 271)                 .FILL x0000
(32F0) 0000  0000000000000000 ( 271)                 .FILL x0000
(32F1) 0000  0000000000000000 ( 271)                 .FILL x0000
(32F2) 0000  0000000000000000 ( 271)                 .FILL x0000
(32F3) 0000  0000000000000000 ( 271)                 .FILL x0000
(32F4) 0000  0000000000000000 ( 271)                 .FILL x0000
(32F5) 0000  0000000000000000 ( 271)                 .FILL x0000
(32F6) 0000  0000000000000000 ( 271)                 .FILL x0000
(32F7) 0000  0000000000000000 ( 271)                 .FILL x0000
(32F8) 0000  0000000000000000 ( 271)                 .FILL x0000
(32F9) 0000  0000000000000000 ( 271)                 .FILL x0000
(32FA) 0000  0000000000000000 ( 271)                 .FILL x0000
(32FB) 0000  0000000000000000 ( 271)                 .FILL x0000
(32FC) 0000  0000000000000000 ( 271)                 .FILL x0000
(32FD) 0000  0000000000000000 ( 271)                 .FILL x0000
(32FE) 0000  0000000000000000 ( 271)                 .FILL x0000
(32FF) 0000  0000000000000000 ( 271)                 .FILL x0000
(3300) 0000  0000000000000000 ( 271)                 .FILL x0000
(3301) 0000  0000000000000000 ( 271)                 .FILL x0000
(3302) 0000  0000000000000000 ( 271)                 .FILL x0000
(3303) 0000  0000000000000000 ( 271)                 .FILL x0000
(3304) 0000  0000000000000000 ( 271)                 .FILL x0000
(3305) 0000  0000000000000000 ( 271)                 .FILL x0000
(3306) 0000  0000000000000000 ( 271)                 .FILL x0000
(3307) 0000  0000000000000000 ( 271)                 .FILL x0000
(3308) 0000  0000000000000000 ( 271)                 .FILL x0000
(3309) 0000  0000000000000000 ( 271)                 .FILL x0000
(330A) 0000  0000000000000000 ( 271)                 .FILL x0000
(330B) 0000  0000000000000000 ( 271)                 .FILL x0000
(330C) 0000  0000000000000000 ( 271)                 .FILL x0000
(330D) 0000  0000000000000000 ( 271)                 .FILL x0000
(330E) 0000  0000000000000000 ( 271)                 .FILL x0000
(330F) 0000  0000000000000000 ( 271)                 .FILL x0000
(3310) 0000  0000000000000000 ( 271)                 .FILL x0000
(3311) 0000  0000000000000000 ( 271)                 .FILL x0000
(3312) 0000  0000000000000000 ( 271)                 .FILL x0000
(3313) 0000  0000000000000000 ( 271)                 .FILL x0000
(3314) 0000  0000000000000000 ( 271)                 .FILL x0000
(3315) 0000  0000000000000000 ( 271)                 .FILL x0000
(3316) 0000  0000000000000000 ( 271)                 .FILL x0000
(3317) 0000  0000000000000000 ( 271)                 .FILL x0000
(3318) 0000  0000000000000000 ( 271)                 .FILL x0000
(3319) 0000  0000000000000000 ( 271)                 .FILL x0000
(331A) 0000  0000000000000000 ( 271)                 .FILL x0000
(331B) 0000  0000000000000000 ( 271)                 .FILL x0000
(331C) 0000  0000000000000000 ( 271)                 .FILL x0000
(331D) 0000  0000000000000000 ( 271)                 .FILL x0000
(331E) 0000  0000000000000000 ( 271)                 .FILL x0000
(331F) 0000  0000000000000000 ( 271)                 .FILL x0000
(3320) 0000  0000000000000000 ( 271)                 .FILL x0000
(3321) 0000  0000000000000000 ( 271)                 .FILL x0000
(3322) 0000  0000000000000000 ( 271)                 .FILL x0000
(3323) 0000  0000000000000000 ( 271)                 .FILL x0000
(3324) 0000  0000000000000000 ( 271)                 .FILL x0000
(3325) 0000  0000000000000000 ( 271)                 .FILL x0000
(3326) 0000  0000000000000000 ( 271)                 .FILL x0000
(3327) 0000  0000000000000000 ( 271)                 .FILL x0000
(3328) 0000  0000000000000000 ( 271)                 .FILL x0000
(3329) 0000  0000000000000000 ( 271)                 .FILL x0000
(332A) 0000  0000000000000000 ( 271)                 .FILL x0000
(332B) 0000  0000000000000000 ( 271)                 .FILL x0000
(332C) 0000  0000000000000000 ( 271)                 .FILL x0000
(332D) 0000  0000000000000000 ( 271)                 .FILL x0000
(332E) 0000  0000000000000000 ( 271)                 .FILL x0000
(332F) 0000  0000000000000000 ( 271)                 .FILL x0000
(3330) 0000  0000000000000000 ( 271)                 .FILL x0000
